Performing C SOURCE FILE Test CMAKE_HAVE_LIBC_PTHREAD failed with the following output:
Change Dir: /home/q9/AndroidStudioProjects/libs/mbedtls/build/x86_64/CMakeFiles/CMakeTmp

Run Build Command(s):/usr/bin/make cmTC_eae4c/fast && /usr/bin/make  -f CMakeFiles/cmTC_eae4c.dir/build.make CMakeFiles/cmTC_eae4c.dir/build
make[1]: вход в каталог «/home/q9/AndroidStudioProjects/libs/mbedtls/build/x86_64/CMakeFiles/CMakeTmp»
Building C object CMakeFiles/cmTC_eae4c.dir/src.c.o
/home/q9/Android/Sdk/ndk/21.4.7075529/toolchains/llvm/prebuilt/linux-x86_64/bin/clang --target=x86_64-none-linux-android21 --gcc-toolchain=/home/q9/Android/Sdk/ndk/21.4.7075529/toolchains/llvm/prebuilt/linux-x86_64 --sysroot=/home/q9/Android/Sdk/ndk/21.4.7075529/toolchains/llvm/prebuilt/linux-x86_64/sysroot   -g -DANDROID -fdata-sections -ffunction-sections -funwind-tables -fstack-protector-strong -no-canonical-prefixes -D_FORTIFY_SOURCE=2 -Wformat -Werror=format-security  -Wall -Wextra -Wwrite-strings -Wpointer-arith -Wimplicit-fallthrough -Wshadow -Wvla -Wformat=2 -Wno-format-nonliteral -Werror -DCMAKE_HAVE_LIBC_PTHREAD -fPIE -o CMakeFiles/cmTC_eae4c.dir/src.c.o -c /home/q9/AndroidStudioProjects/libs/mbedtls/build/x86_64/CMakeFiles/CMakeTmp/src.c
/home/q9/AndroidStudioProjects/libs/mbedtls/build/x86_64/CMakeFiles/CMakeTmp/src.c:13:3: error: implicit declaration of function 'pthread_cancel' is invalid in C99 [-Werror,-Wimplicit-function-declaration]
  pthread_cancel(thread);
  ^
/home/q9/AndroidStudioProjects/libs/mbedtls/build/x86_64/CMakeFiles/CMakeTmp/src.c:13:3: note: did you mean 'pthread_once'?
/home/q9/Android/Sdk/ndk/21.4.7075529/toolchains/llvm/prebuilt/linux-x86_64/sysroot/usr/include/pthread.h:275:5: note: 'pthread_once' declared here
int pthread_once(pthread_once_t* __once, void (*__init_routine)(void));
    ^
1 error generated.
make[1]: *** [CMakeFiles/cmTC_eae4c.dir/build.make:85: CMakeFiles/cmTC_eae4c.dir/src.c.o] Ошибка 1
make[1]: выход из каталога «/home/q9/AndroidStudioProjects/libs/mbedtls/build/x86_64/CMakeFiles/CMakeTmp»
make: *** [Makefile:140: cmTC_eae4c/fast] Ошибка 2


Source file was:
#include <pthread.h>

void* test_func(void* data)
{
  return data;
}

int main(void)
{
  pthread_t thread;
  pthread_create(&thread, NULL, test_func, NULL);
  pthread_detach(thread);
  pthread_cancel(thread);
  pthread_join(thread, NULL);
  pthread_atfork(NULL, NULL, NULL);
  pthread_exit(NULL);

  return 0;
}

Determining if the function pthread_create exists in the pthreads failed with the following output:
Change Dir: /home/q9/AndroidStudioProjects/libs/mbedtls/build/x86_64/CMakeFiles/CMakeTmp

Run Build Command(s):/usr/bin/make cmTC_29c7c/fast && /usr/bin/make  -f CMakeFiles/cmTC_29c7c.dir/build.make CMakeFiles/cmTC_29c7c.dir/build
make[1]: вход в каталог «/home/q9/AndroidStudioProjects/libs/mbedtls/build/x86_64/CMakeFiles/CMakeTmp»
Building C object CMakeFiles/cmTC_29c7c.dir/CheckFunctionExists.c.o
/home/q9/Android/Sdk/ndk/21.4.7075529/toolchains/llvm/prebuilt/linux-x86_64/bin/clang --target=x86_64-none-linux-android21 --gcc-toolchain=/home/q9/Android/Sdk/ndk/21.4.7075529/toolchains/llvm/prebuilt/linux-x86_64 --sysroot=/home/q9/Android/Sdk/ndk/21.4.7075529/toolchains/llvm/prebuilt/linux-x86_64/sysroot   -g -DANDROID -fdata-sections -ffunction-sections -funwind-tables -fstack-protector-strong -no-canonical-prefixes -D_FORTIFY_SOURCE=2 -Wformat -Werror=format-security  -Wall -Wextra -Wwrite-strings -Wpointer-arith -Wimplicit-fallthrough -Wshadow -Wvla -Wformat=2 -Wno-format-nonliteral -Werror -DCHECK_FUNCTION_EXISTS=pthread_create -fPIE -o CMakeFiles/cmTC_29c7c.dir/CheckFunctionExists.c.o -c /home/q9/Android/Sdk/cmake/3.18.1/share/cmake-3.18/Modules/CheckFunctionExists.c
/home/q9/Android/Sdk/cmake/3.18.1/share/cmake-3.18/Modules/CheckFunctionExists.c:7:3: error: declaration of built-in function 'pthread_create' requires inclusion of the header <pthread.h> [-Werror,-Wbuiltin-requires-header]
  CHECK_FUNCTION_EXISTS(void);
  ^
<command line>:3:31: note: expanded from here
#define CHECK_FUNCTION_EXISTS pthread_create
                              ^
1 error generated.
make[1]: *** [CMakeFiles/cmTC_29c7c.dir/build.make:85: CMakeFiles/cmTC_29c7c.dir/CheckFunctionExists.c.o] Ошибка 1
make[1]: выход из каталога «/home/q9/AndroidStudioProjects/libs/mbedtls/build/x86_64/CMakeFiles/CMakeTmp»
make: *** [Makefile:140: cmTC_29c7c/fast] Ошибка 2



Determining if the function pthread_create exists in the pthread failed with the following output:
Change Dir: /home/q9/AndroidStudioProjects/libs/mbedtls/build/x86_64/CMakeFiles/CMakeTmp

Run Build Command(s):/usr/bin/make cmTC_4d83f/fast && /usr/bin/make  -f CMakeFiles/cmTC_4d83f.dir/build.make CMakeFiles/cmTC_4d83f.dir/build
make[1]: вход в каталог «/home/q9/AndroidStudioProjects/libs/mbedtls/build/x86_64/CMakeFiles/CMakeTmp»
Building C object CMakeFiles/cmTC_4d83f.dir/CheckFunctionExists.c.o
/home/q9/Android/Sdk/ndk/21.4.7075529/toolchains/llvm/prebuilt/linux-x86_64/bin/clang --target=x86_64-none-linux-android21 --gcc-toolchain=/home/q9/Android/Sdk/ndk/21.4.7075529/toolchains/llvm/prebuilt/linux-x86_64 --sysroot=/home/q9/Android/Sdk/ndk/21.4.7075529/toolchains/llvm/prebuilt/linux-x86_64/sysroot   -g -DANDROID -fdata-sections -ffunction-sections -funwind-tables -fstack-protector-strong -no-canonical-prefixes -D_FORTIFY_SOURCE=2 -Wformat -Werror=format-security  -Wall -Wextra -Wwrite-strings -Wpointer-arith -Wimplicit-fallthrough -Wshadow -Wvla -Wformat=2 -Wno-format-nonliteral -Werror -DCHECK_FUNCTION_EXISTS=pthread_create -fPIE -o CMakeFiles/cmTC_4d83f.dir/CheckFunctionExists.c.o -c /home/q9/Android/Sdk/cmake/3.18.1/share/cmake-3.18/Modules/CheckFunctionExists.c
/home/q9/Android/Sdk/cmake/3.18.1/share/cmake-3.18/Modules/CheckFunctionExists.c:7:3: error: declaration of built-in function 'pthread_create' requires inclusion of the header <pthread.h> [-Werror,-Wbuiltin-requires-header]
  CHECK_FUNCTION_EXISTS(void);
  ^
<command line>:3:31: note: expanded from here
#define CHECK_FUNCTION_EXISTS pthread_create
                              ^
1 error generated.
make[1]: *** [CMakeFiles/cmTC_4d83f.dir/build.make:85: CMakeFiles/cmTC_4d83f.dir/CheckFunctionExists.c.o] Ошибка 1
make[1]: выход из каталога «/home/q9/AndroidStudioProjects/libs/mbedtls/build/x86_64/CMakeFiles/CMakeTmp»
make: *** [Makefile:140: cmTC_4d83f/fast] Ошибка 2



